<?xml version="1.0" encoding="UTF-8"?>
<!-- Generated by org.testng.reporters.JUnitReportReporter -->
<testsuite name="com.electron.test.functional.TestLoginUS010" tests="1" time="39.882" ignored="0" failures="0" timestamp="07 May 2017 18:52:39 GMT" skipped="0" hostname="sys" errors="0">
  <testcase name="testLoginValidTC018" time="39.882" classname="com.electron.test.functional.TestLoginUS010"/>
</testsuite> <!-- com.electron.test.functional.TestLoginUS010 -->
